# Preference setting overrides
gui_create_pref_key -category {Globals} -key {load_detail_for_funcov} -value_type {bool} -value {false}
gui_create_pref_category -category {schem_obj_name}
gui_create_pref_key -category {schem_obj_name} -key {show_cell_and_pin_with_symbol_name} -value_type {bool} -value {false}
gui_create_pref_key -category {schem_pin_hc} -key {textExtFont} -value_type {string} -value {Helvetica,10,-1,5,50,0,0,0,0,0}

# State setting overrides
gui_state_default_create -off -ini
gui_set_state_value -category Globals -key recent_databases -value {{gui_open_db -file /afs/ece.cmu.edu/usr/rohitban/Private/18341/p2/inter.vpd -design V1}}
gui_set_state_value -category Globals -key recent_sessions -value {{gui_load_session -file /afs/ece.cmu.edu/usr/rohitban/Private/18341/p2/Sessions/session.inter.vpd.tcl -ignore_errors} {gui_load_session -file /afs/ece.cmu.edu/usr/rohitban/Private/18341/p2/Sessions/session.inter.vpd.tcl} {gui_load_session -file /afs/ece.cmu.edu/usr/rohitban/Private/18341/p2/session.inter.vpd.tcl}}
gui_set_state_value -category Layout -key child_console_size_x -value 1599
gui_set_state_value -category Layout -key child_console_size_y -value 287
gui_set_state_value -category Layout -key child_data_coltype -value 107
gui_set_state_value -category Layout -key child_data_colvalue -value 110
gui_set_state_value -category Layout -key child_data_colvariable -value 153
gui_set_state_value -category Layout -key child_data_size_x -value 336
gui_set_state_value -category Layout -key child_data_size_y -value 720
gui_set_state_value -category Layout -key child_driver_size_x -value 1117
gui_set_state_value -category Layout -key child_driver_size_y -value 341
gui_set_state_value -category Layout -key child_hier_col3 -value {-1}
gui_set_state_value -category Layout -key child_hier_colhier -value 189
gui_set_state_value -category Layout -key child_hier_colpd -value 0
gui_set_state_value -category Layout -key child_hier_coltype -value 139
gui_set_state_value -category Layout -key child_hier_size_x -value 295
gui_set_state_value -category Layout -key child_hier_size_y -value 720
gui_set_state_value -category Layout -key child_list_down -value 459
gui_set_state_value -category Layout -key child_list_right -value 1210
gui_set_state_value -category Layout -key child_schematic_docknewline -value false
gui_set_state_value -category Layout -key child_schematic_pos_x -value {-2}
gui_set_state_value -category Layout -key child_schematic_pos_y -value {-15}
gui_set_state_value -category Layout -key child_schematic_size_x -value 914
gui_set_state_value -category Layout -key child_schematic_size_y -value 166
gui_set_state_value -category Layout -key child_source_docknewline -value false
gui_set_state_value -category Layout -key child_source_pos_x -value {-2}
gui_set_state_value -category Layout -key child_source_pos_y -value {-15}
gui_set_state_value -category Layout -key child_source_size_x -value 971
gui_set_state_value -category Layout -key child_source_size_y -value 715
gui_set_state_value -category Layout -key child_wave_colname -value 230
gui_set_state_value -category Layout -key child_wave_colvalue -value 230
gui_set_state_value -category Layout -key child_wave_left -value 464
gui_set_state_value -category Layout -key child_wave_right -value 1130
gui_set_state_value -category Layout -key main_pos_x -value 0
gui_set_state_value -category Layout -key main_pos_y -value 32
gui_set_state_value -category Layout -key main_size_x -value 1599
gui_set_state_value -category Layout -key main_size_y -value 1138
gui_set_state_value -category Layout -key stand_list_child_docknewline -value false
gui_set_state_value -category Layout -key stand_list_child_pos_x -value {-2}
gui_set_state_value -category Layout -key stand_list_child_pos_y -value {-15}
gui_set_state_value -category Layout -key stand_list_child_size_x -value 1370
gui_set_state_value -category Layout -key stand_list_child_size_y -value 604
gui_set_state_value -category Layout -key stand_list_top_pos_x -value 0
gui_set_state_value -category Layout -key stand_list_top_pos_y -value 23
gui_set_state_value -category Layout -key stand_list_top_size_x -value 1365
gui_set_state_value -category Layout -key stand_list_top_size_y -value 727
gui_set_state_value -category Layout -key stand_wave_child_docknewline -value false
gui_set_state_value -category Layout -key stand_wave_child_pos_x -value {-2}
gui_set_state_value -category Layout -key stand_wave_child_pos_y -value {-15}
gui_set_state_value -category Layout -key stand_wave_child_size_x -value 1604
gui_set_state_value -category Layout -key stand_wave_child_size_y -value 1002
gui_set_state_value -category Layout -key stand_wave_top_pos_x -value 0
gui_set_state_value -category Layout -key stand_wave_top_pos_y -value 32
gui_set_state_value -category Layout -key stand_wave_top_size_x -value 1599
gui_set_state_value -category Layout -key stand_wave_top_size_y -value 1138
gui_create_state_key -category FindDialog -key m_pMatchCase -value_type bool -value false
gui_create_state_key -category FindDialog -key m_pMatchWord -value_type bool -value false
gui_create_state_key -category FindDialog -key m_pUseCombo -value_type string -value {}
gui_create_state_key -category FindDialog -key m_pWrapAround -value_type bool -value true
gui_create_state_key -category Widget_History -key TopLevel.2|EkTopVbox|wndWorkspace|qt_workspacechild3|Wave.1|left|filterVBox|controlHBox|unnamed -value_type string -value sent
gui_create_state_key -category Widget_History -key {dlgSimSetup|m_setupTab|tab pages|BuildTab|m_rebuildBtnGroup|m_customCmdCombo} -value_type string -value {{vcs -sverilog -q -debug vgatest.sv vga_controller.sv} {vcs -sverilog -q -debug vgatest.sv vga_interface.sv} {vcs -sverilog -q -debug pwm_test.sv pwm.sv} make {make broken}}
gui_create_state_key -category Widget_History -key {dlgSimSetup|m_setupTab|tab pages|SimTab|m_VPDCombo} -value_type string -value inter.vpd
gui_create_state_key -category Widget_History -key {dlgSimSetup|m_setupTab|tab pages|SimTab|m_argsCombo} -value_type string -value {{-ucligui } { -ucligui}}
gui_create_state_key -category Widget_History -key {dlgSimSetup|m_setupTab|tab pages|SimTab|m_curDirCombo} -value_type string -value {/afs/ece.cmu.edu/usr/rohitban/Private/545/video/vga_interface /afs/ece.cmu.edu/usr/rohitban/Private/545/lab3 /afs/ece.cmu.edu/usr/rohitban/Private/18341/p5/simulation /afs/ece.cmu.edu/usr/rohitban/Private/18341/p5/test2 /afs/ece.cmu.edu/usr/rohitban/Private/18341/p4}
gui_create_state_key -category Widget_History -key {dlgSimSetup|m_setupTab|tab pages|SimTab|m_exeCombo} -value_type string -value {./simv /afs/ece.cmu.edu/usr/rohitban/Private/545/lab3/simv /afs/ece.cmu.edu/usr/rohitban/Private/545/video/vga_interface/simv /afs/ece.cmu.edu/usr/rohitban/Private/18341/p5/simulation/simv /afs/ece.cmu.edu/usr/rohitban/Private/18341/p5/test2/simv}
gui_state_default_create -off

# Begin command logging
gui_sim_run Ucli -exe ./simv -args {-ucligui  } -dir .
gui_list_select -id Data.1 -selected  { {tile_addr_tester.row[8:0]}   }
gui_list_select -id Data.1 -selected  { {tile_addr_tester.col[9:0]}   }
gui_list_expand -id  Hier.1   tile_addr_tester
gui_list_select -id Hier.1 -current_item_name tile_addr_tester.dut -current_item_type Scope  -selected  { tile_addr_tester.dut   }
gui_list_select -id Data.1 -selected  { {tile_addr_tester.dut.row[8:0]}   }
gui_list_select -id Data.1 -selected  { {tile_addr_tester.dut.row[8:0]}  {tile_addr_tester.dut.col[9:0]}   }
gui_list_select -id Data.1 -selected  { {tile_addr_tester.dut.col[9:0]}   }
gui_list_select -id Data.1 -selected  { {tile_addr_tester.dut.tile_row[5:0]}   }
gui_list_select -id Data.1 -selected  { {tile_addr_tester.dut.tile_row[5:0]}  {tile_addr_tester.dut.tile_col[4:0]}   }
gui_list_select -id Data.1 -selected  { {tile_addr_tester.dut.tile_row[5:0]}  {tile_addr_tester.dut.tile_col[4:0]}  {tile_addr_tester.dut.d_row_mid[15:0]}   }
gui_list_select -id Data.1 -selected  { {tile_addr_tester.dut.tile_row[5:0]}  {tile_addr_tester.dut.tile_col[4:0]}  {tile_addr_tester.dut.d_row_mid[15:0]}  {tile_addr_tester.dut.col_offset[4:0]}   }
gui_list_select -id Data.1 -selected  { {tile_addr_tester.dut.tile_row[5:0]}  {tile_addr_tester.dut.tile_col[4:0]}  {tile_addr_tester.dut.d_row_mid[15:0]}  {tile_addr_tester.dut.col_offset[4:0]}  {tile_addr_tester.dut.d_col_mid[15:0]}   }
gui_open_window Wave
gui_list_add -id Wave.1 -from Data.1 { {tile_addr_tester.dut.tile_row[5:0]} {tile_addr_tester.dut.tile_col[4:0]} {tile_addr_tester.dut.d_row_mid[15:0]} {tile_addr_tester.dut.d_col_mid[15:0]} {tile_addr_tester.dut.col_offset[4:0]} } -insertionbar
gui_wv_zoom_timerange -id  Wave.1 0 315
gui_sim_continue  
gui_marker_move -id  Wave.1 C1 40
gui_list_select -id Data.1 -selected  { {tile_addr_tester.dut.raw_addr[15:0]}   }
gui_list_add -id Wave.1 -from Data.1 { {tile_addr_tester.dut.raw_addr[15:0]} } -insertionbar
gui_sim_restart
gui_sim_continue  
gui_set_env SIMSETUP::SIMCURRENTDIR /afs/ece.cmu.edu/usr/rohitban/Private/545/video/tilemap
gui_sim_restart -build {vcs -sverilog -q -debug tile_addr_test.sv tile_addr.sv
}
gui_sim_continue  
gui_close_window -window TopLevel.2
