08:07:20    250 --> ...  [tcl] ucliGUI::start /afs/ece.cmu.edu/usr/rohitban/Private/545/video/tilemap/simv -ucligui 
08:07:20    251 --> ...      [tcl] set ucliGUI::state
08:07:20    252 --> ...          [tcl] gui_update_simulator_buttons
08:07:21    253 --> ...              [tcl] set ucliGUI::state
08:07:21    254 --> ...                  [tcl] ucliCore::getToolPID
08:07:21    255 --> ...                      [tcl] synopsys::env hasTB
08:07:21    256 --> ...                          [tcl] trigger_hier_stack_context_switch 0
08:07:21    257 --> ...                              [tcl] synUtils::setDVEInitPhase 1
08:07:21    258 --> ...                                  [tcl] gui_get_env SIMSETUP::SIMVPD
08:07:21    259 --> ...                                      [tcl] synopsys::dump -type VPD -file /afs/ece.cmu.edu/usr/rohitban/Private/545/video/tilemap/inter.vpd -locking
08:07:21    260 --> ...                                          [tcl] synopsys::dump -autoflush on -fid VPD2
08:07:21    261 --> ...                                              [tcl] set ::dve_fid VPD2
08:07:21    262 --> ...                                                  [tcl] synUtils::setDVEInitPhase 0
08:07:21    263 --> ...                                                      [tcl] ucliCore::getToolPID
08:07:21    264 --> ...                                                          [tcl] synUtils::sendTool -active _icl_setToolSocket /tmp/smlnpKO9a8r
08:07:21    265 --> ...                                                              [tcl] synUtils::sendTool -active {_icl_start_rpc -version "J-2014.12-SP3-1_Full64" -sync_file /tmp/vcs_dve_rpc.rohitban.2840915}
08:07:21    266 --> ...                                                                  [tcl] synUtils::sendTool -active {_icl_createSharedMemory /tmp/vcs_dve_general.rohitban.2840915}
08:07:21    267 --> ...                                                                      [tcl] config endofsim noexit
08:07:21    268 --> ...                                                                          [tcl] config onfail enable all
08:07:21    269 --> ...                                                                              [tcl] config syscaddplainmembers
08:07:21    270 --> ...                                                                                  [tcl] config syscaddsourcenames
08:07:21    271 --> ...                                                                                      [tcl] config syscaddstructtypes
08:07:21    272 --> ...                                                                                          [tcl] synopsys::listing -disable
08:07:22    273 --> ...                                                                                              [tcl] # Begin_DVE_Session_Save_Info
08:07:22    274 --> ...                                                                                                  [tcl] # DVE restart session
08:07:22    275 --> ...  [tcl] # Saved on Wed Oct 14 08:07:19 2015
08:07:22    276 --> ...      [tcl] # Designs open: 1
08:07:22    277 --> ...          [tcl] #   Sim: /afs/ece.cmu.edu/usr/rohitban/Private/545/video/tilemap/simv
08:07:22    278 --> ...              [tcl] # Toplevel windows open: 2
08:07:22    279 --> ...                  [tcl] # 	TopLevel.1
08:07:22    280 --> ...                      [tcl] # 	TopLevel.2
08:07:22    281 --> ...                          [tcl] #   Source.1: tile_addr_tester
08:07:22    282 --> ...                              [tcl] #   Wave.1: 6 signals
08:07:22    283 --> ...                                  [tcl] #   Group count = 1
08:07:22    284 --> ...                                      [tcl] #   Group Group1 signal count = 6
08:07:22    285 --> ...                                          [tcl] # End_DVE_Session_Save_Info
08:07:22    286 --> ...                                              [tcl] # DVE version: J-2014.12-SP3-1_Full64
08:07:22    287 --> ...                                                  [tcl] # DVE build date: Aug 27 2015 23:51:53
08:07:22    288 --> ...                                                      [tcl] #<Session mode="Restart" path=".restartSimSession.tcl" type="Debug">
08:07:22    289 --> ...                                                          [tcl] gui_set_loading_session_type Restart
08:07:22    290 --> ...                                                              [tcl] gui_continuetime_set
08:07:22    291 --> ...                                                                  [tcl] gui_clear_window -type Wave
08:07:22    292 --> ...                                                                      [tcl] gui_clear_window -type List
08:07:22    293 --> ...                                                                          [tcl] # Application preferences
08:07:22    294 --> ...                                                                              [tcl] gui_set_pref_value -key app_default_font -value {Helvetica,10,-1,5,50,0,0,0,0,0}
08:07:22    295 --> ...                                                                                  [tcl] gui_src_preferences -tabstop 8 -maxbits 24 -windownumber 1
08:07:22    296 --> ...                                                                                      [tcl] #<WindowLayout>
08:07:22    297 --> ...                                                                                          [tcl] # DVE top-level session
08:07:22    298 --> ...                                                                                              [tcl] # Create and position top-level window: TopLevel.1
08:07:22    299 --> ...                                                                                                  [tcl] set TopLevel.1 TopLevel.1
08:07:22    300 --> ...  [tcl] # Docked window settings
08:07:22    301 --> ...      [tcl] set HSPane.1 HSPane.1
08:07:22    302 --> ...          [tcl] set Hier.1 Hier.1
08:07:22    303 --> ...              [tcl] set DLPane.1 DLPane.1
08:07:22    304 --> ...                  [tcl] set Data.1 Data.1
08:07:22    305 --> ...                      [tcl] set Console.1 Console.1
08:07:22    306 --> ...                          [tcl] gui_sync_global -id ${TopLevel.1} -option true
08:07:22    307 --> ...                              [tcl] # MDI window settings
08:07:22    308 --> ...                                  [tcl] set Source.1 Source.1
08:07:22    309 --> ...                                      [tcl] gui_update_layout -id ${Source.1} {{show_state maximized} {dock_state undocked} {dock_on_new_line false}}
08:07:22    310 --> ...                                          [tcl] # End MDI window settings
08:07:22    311 --> ...                                              [tcl] # Create and position top-level window: TopLevel.2
08:07:22    312 --> ...                                                  [tcl] set TopLevel.2 TopLevel.2
08:07:22    313 --> ...                                                      [tcl] # Docked window settings
08:07:22    314 --> ...                                                          [tcl] gui_sync_global -id ${TopLevel.2} -option true
08:07:22    315 --> ...                                                              [tcl] # MDI window settings
08:07:22    316 --> ...                                                                  [tcl] set Wave.1 Wave.1
08:07:22    317 --> ...                                                                      [tcl] gui_update_layout -id ${Wave.1} {{show_state maximized} {dock_state undocked} {dock_on_new_line false} {child_wave_left 395} {child_wave_right 965} {child_wave_colname 195} {child_wave_colvalue 196} {child_wave_col1 0} {child_wave_col2 1}}
08:07:22    318 --> ...                                                                          [tcl] # End MDI window settings
08:07:22    319 --> ...                                                                              [tcl] #</WindowLayout>
08:07:22    320 --> ...                                                                                  [tcl] #<Database>
08:07:22    321 --> ...                                                                                      [tcl] gui_set_precision 1s
08:07:22    322 --> ...                                                                                          [tcl] gui_set_time_units 1s
08:07:22    323 --> ...                                                                                              [tcl] #</Database>
08:07:22    324 --> ...                                                                                                  [tcl] # DVE Global setting session:
08:07:22    325 --> ...  [tcl] # Global: Breakpoints
08:07:22    326 --> ...      [tcl] # Global: Bus
08:07:22    327 --> ...          [tcl] # Global: Expressions
08:07:22    328 --> ...              [tcl] # Global: Signal Time Shift
08:07:22    329 --> ...                  [tcl] # Global: Signal Compare
08:07:22    330 --> ...                      [tcl] # Global: Signal Groups
08:07:22    331 --> ...                          [tcl] set _session_group_2 Group1
08:07:22    332 --> ...                              [tcl] gui_sg_create "$_session_group_2"
08:07:22    333 --> ...                                  [tcl] set Group1 "$_session_group_2"
08:07:22    334 --> ...                                      [tcl] gui_sg_addsignal -group "$_session_group_2" { tile_addr_tester.dut.tile_row tile_addr_tester.dut.tile_col tile_addr_tester.dut.d_row_mid tile_addr_tester.dut.d_col_mid tile_addr_tester.dut.col_offset tile_addr_tester.dut.raw_addr }
08:07:22    335 --> ...                                          [tcl] # Global: Highlighting
08:07:22    336 --> ...                                              [tcl] # Global: Stack
08:07:22    337 --> ...                                                  [tcl] gui_change_stack_mode -mode list
08:07:22    338 --> ...                                                      [tcl] # Post database loading setting...
08:07:22    339 --> ...                                                          [tcl] # Save global setting...
08:07:22    340 --> ...                                                              [tcl] # Wave/List view global setting
08:07:22    341 --> ...                                                                  [tcl] gui_cov_show_value -switch false
08:07:22    342 --> ...                                                                      [tcl] # Close all empty TopLevel windows
08:07:22    343 --> ...                                                                          [tcl] foreach __top [gui_ekki_get_window_ids -type TopLevel] {     if { [llength [gui_ekki_get_window_ids -parent $__top]] == 0} {         gui_close_window -window $__top     } }
08:07:22    344 --> ...                                                                              [tcl] gui_set_loading_session_type noSession
08:07:22    345 --> ...                                                                                  [tcl] # DVE View/pane content session:
08:07:22    346 --> ...                                                                                      [tcl] # Hier 'Hier.1'
08:07:22    347 --> ...                                                                                          [tcl] gui_show_window -window ${Hier.1}
08:07:22    348 --> ...                                                                                              [tcl] gui_list_set_filter -id ${Hier.1} -list { {Package 1} {All 0} {Process 1} {VirtPowSwitch 0} {UnnamedProcess 1} {UDP 0} {Function 1} {Block 1} {SrsnAndSpaCell 0} {OVA Unit 1} {LeafScCell 1} {LeafVlgCell 1} {Interface 1} {LeafVhdCell 1} {$unit 1} {NamedBlock 1} {Task 1} {VlgPackage 1} {ClassDef 1} {VirtIsoCell 0} }
08:07:22    349 --> ...                                                                                                  [tcl] gui_list_set_filter -id ${Hier.1} -text {*}
08:07:22    350 --> ...  [tcl] gui_change_design -id ${Hier.1} -design Sim
08:07:22    351 --> ...      [tcl] catch {gui_list_expand -id ${Hier.1} tile_addr_tester}
08:07:22    352 --> ...          [tcl] catch {gui_list_select -id ${Hier.1} {tile_addr_tester.dut}}
08:07:22    353 --> ...              [tcl] dveMisc::vbusExpand tile_addr_tester.dut
08:07:22    354 --> ...                  [tcl] gui_view_scroll -id ${Hier.1} -vertical -set 0
08:07:22    355 --> ...                      [tcl] gui_view_scroll -id ${Hier.1} -horizontal -set 0
08:07:22    356 --> ...                          [tcl] # Data 'Data.1'
08:07:22    357 --> ...                              [tcl] gui_list_set_filter -id ${Data.1} -list { {Buffer 1} {Input 1} {Others 1} {Linkage 1} {Output 1} {LowPower 1} {Parameter 1} {All 1} {Aggregate 1} {LibBaseMember 1} {Event 1} {Assertion 1} {Constant 1} {Interface 1} {BaseMembers 1} {Signal 1} {$unit 1} {Inout 1} {Variable 1} }
08:07:22    358 --> ...                                  [tcl] gui_list_set_filter -id ${Data.1} -text {*}
08:07:22    359 --> ...                                      [tcl] gui_list_show_data -id ${Data.1} {tile_addr_tester.dut}
08:07:22    360 --> ...                                          [tcl] gui_show_window -window ${Data.1}
08:07:22    361 --> ...                                              [tcl] catch { gui_list_select -id ${Data.1} {tile_addr_tester.dut.raw_addr }}
08:07:22    362 --> ...                                                  [tcl] gui_view_scroll -id ${Data.1} -vertical -set 0
08:07:22    363 --> ...                                                      [tcl] gui_view_scroll -id ${Data.1} -horizontal -set 0
08:07:22    364 --> ...                                                          [tcl] gui_view_scroll -id ${Hier.1} -vertical -set 0
08:07:22    365 --> ...                                                              [tcl] gui_view_scroll -id ${Hier.1} -horizontal -set 0
08:07:22    366 --> ...                                                                  [tcl] # Source 'Source.1'
08:07:22    367 --> ...                                                                      [tcl] gui_src_value_annotate -id ${Source.1} -switch false
08:07:22    368 --> ...                                                                          [tcl] gui_set_env TOGGLE::VALUEANNOTATE 0
08:07:22    369 --> ...                                                                              [tcl] gui_open_source -id ${Source.1}  -replace -active tile_addr_tester /afs/ece.cmu.edu/usr/rohitban/Private/545/video/tilemap/tile_addr_test.sv
08:07:22    370 --> ...                                                                                  [tcl] gui_view_scroll -id ${Source.1} -vertical -set 36
08:07:22    371 --> ...                                                                                      [tcl] gui_src_set_reusable -id ${Source.1}
08:07:22    372 --> ...                                                                                          [tcl] # View 'Wave.1'
08:07:22    373 --> ...                                                                                              [tcl] gui_wv_sync -id ${Wave.1} -switch false
08:07:22    374 --> ...                                                                                                  [tcl] set groupExD [gui_get_pref_value -category Wave -key exclusiveSG]
08:07:22    375 --> ...  [tcl] gui_set_pref_value -category Wave -key exclusiveSG -value {false}
08:07:22    376 --> ...      [tcl] set origWaveHeight [gui_get_pref_value -category Wave -key waveRowHeight]
08:07:22    377 --> ...          [tcl] gui_list_set_height -id Wave -height 25
08:07:22    378 --> ...              [tcl] set origGroupCreationState [gui_list_create_group_when_add -wave]
08:07:22    379 --> ...                  [tcl] gui_list_create_group_when_add -wave -disable
08:07:22    380 --> ...                      [tcl] gui_wv_zoom_timerange -id ${Wave.1} 0 315
08:07:22    381 --> ...                          [tcl] gui_list_add_group -id ${Wave.1} -after {New Group} {Group1}
08:07:22    382 --> ...                              [tcl] synopsys::dump -add {tile_addr_tester.dut.col_offset tile_addr_tester.dut.d_col_mid tile_addr_tester.dut.d_row_mid tile_addr_tester.dut.raw_addr tile_addr_tester.dut.tile_col tile_addr_tester.dut.tile_row } -aggregates  -fid VPD2
08:07:22    383 --> ...                                  [tcl] gui_seek_criteria -id ${Wave.1} {Any Edge}
08:07:22    384 --> ...                                      [tcl] gui_set_env TOGGLE::DEFAULT_WAVE_WINDOW ${Wave.1}
08:07:22    385 --> ...                                          [tcl] gui_set_pref_value -category Wave -key exclusiveSG -value $groupExD
08:07:22    386 --> ...                                              [tcl] gui_list_set_height -id Wave -height $origWaveHeight
08:07:22    387 --> ...                                                  [tcl] if {$origGroupCreationState} { 	gui_list_create_group_when_add -wave -enable }
08:07:22    388 --> ...                                                      [tcl] if { $groupExD } {  gui_msg_report -code DVWW028 }
08:07:22    389 --> ...                                                          [tcl] gui_list_set_filter -id ${Wave.1} -list { {Buffer 1} {Input 1} {Others 1} {Linkage 1} {Output 1} {Parameter 1} {All 1} {Aggregate 1} {LibBaseMember 1} {Event 1} {Assertion 1} {Constant 1} {Interface 1} {BaseMembers 1} {Signal 1} {$unit 1} {Inout 1} {Variable 1} }
08:07:22    390 --> ...                                                              [tcl] gui_list_set_filter -id ${Wave.1} -text {*}
08:07:22    391 --> ...                                                                  [tcl] gui_list_set_insertion_bar  -id ${Wave.1} -group Group1  -position in
08:07:22    392 --> ...                                                                      [tcl] gui_view_scroll -id ${Wave.1} -vertical -set 0
08:07:22    393 --> ...                                                                          [tcl] gui_show_grid -id ${Wave.1} -enable false
08:07:22    394 --> ...                                                                              [tcl] # Restore toplevel window zorder
08:07:22    395 --> ...                                                                                  [tcl] # The toplevel window could be closed if it has no view/pane
08:07:22    396 --> ...                                                                                      [tcl] if {[gui_exist_window -window ${TopLevel.1}]} { 	gui_set_active_window -window ${TopLevel.1} 	gui_set_active_window -window ${Source.1} 	gui_set_active_window -window ${DLPane.1} }
08:07:22    397 --> ...                                                                                          [tcl] if {[gui_exist_window -window ${TopLevel.2}]} { 	gui_set_active_window -window ${TopLevel.2} 	gui_set_active_window -window ${Wave.1} }
08:07:22    398 --> ...                                                                                              [tcl] #</Session>
08:07:22    399 --> ...                                                                                                  [tcl] synopsys::run
08:07:22    400 --> ...  [tcl] set ucliGUI::state
08:07:22    401 --> ...      [tcl] set ucliGUI::state
08:07:22    402 --> ...          [tcl] set ucliGUI::state
08:07:22    403 --> ...              [tcl] set ucliGUI::state
08:07:22    404 --> ...                  [tcl] catch {senv activeDomain} dveMisc::result 
08:07:22    405 --> ...                      [tcl] set dveMisc::result
08:07:22    406 --> ...                          [tcl] gui_update_simulator_buttons
08:07:53    407 --> ...                              [tcl] if [catch {gui_sim_terminate}] {gui_sim_terminate -kill}
08:07:53    408 --> ...                                  [tcl] synopsys::finish
08:07:53    409 --> ...                                      [tcl] set ucliGUI::state
08:07:53    410 --> ...                                          [tcl] set ucliGUI::state
08:07:53    411 --> ...                                              [tcl] catch {senv activeDomain} dveMisc::result 
08:07:53    412 --> ...                                                  [tcl] set dveMisc::result
08:07:53    413 --> ...                                                      [tcl] gui_update_simulator_buttons
08:07:53    414 --> ...                                                          [tcl] catch {senv activeDomain} dveMisc::result 
08:07:53    415 --> ...                                                              [tcl] set dveMisc::result
08:07:53    416 --> ...                                                                  [tcl] ucli_exit
