06:35:56    108 --> ...                                  [tcl] ucliGUI::start /afs/ece.cmu.edu/usr/rohitban/Private/545/lab3/simv -ucligui 
06:35:56    109 --> ...                                      [tcl] set ucliGUI::state
06:35:56    110 --> ...                                          [tcl] gui_update_simulator_buttons
06:35:57    111 --> ...                                              [tcl] set ucliGUI::state
06:35:57    112 --> ...                                                  [tcl] ucliCore::getToolPID
06:35:57    113 --> ...                                                      [tcl] synopsys::env hasTB
06:35:57    114 --> ...                                                          [tcl] trigger_hier_stack_context_switch 0
06:35:57    115 --> ...                                                              [tcl] synUtils::setDVEInitPhase 1
06:35:57    116 --> ...                                                                  [tcl] gui_get_env SIMSETUP::SIMVPD
06:35:57    117 --> ...                                                                      [tcl] synopsys::dump -type VPD -file /afs/ece.cmu.edu/usr/rohitban/Private/545/lab3/inter.vpd -locking
06:35:57    118 --> ...                                                                          [tcl] synopsys::dump -autoflush on -fid VPD1
06:35:57    119 --> ...                                                                              [tcl] set ::dve_fid VPD1
06:35:57    120 --> ...                                                                                  [tcl] synUtils::setDVEInitPhase 0
06:35:57    121 --> ...                                                                                      [tcl] ucliCore::getToolPID
06:35:57    122 --> ...                                                                                          [tcl] synUtils::sendTool -active _icl_setToolSocket /tmp/smlnpo7y5W0
06:35:57    123 --> ...                                                                                              [tcl] synUtils::sendTool -active {_icl_start_rpc -version "J-2014.12-SP3-1_Full64" -sync_file /tmp/vcs_dve_rpc.rohitban.1666341}
06:35:57    124 --> ...                                                                                                  [tcl] synUtils::sendTool -active {_icl_createSharedMemory /tmp/vcs_dve_general.rohitban.1666341}
06:35:57    125 --> ...  [tcl] config endofsim noexit
06:35:57    126 --> ...      [tcl] config onfail enable all
06:35:57    127 --> ...          [tcl] config syscaddplainmembers
06:35:57    128 --> ...              [tcl] config syscaddsourcenames
06:35:57    129 --> ...                  [tcl] config syscaddstructtypes
06:35:57    130 --> ...                      [tcl] synopsys::listing -disable
06:35:57    131 --> ...                          [tcl] # Begin_DVE_Session_Save_Info
06:35:57    132 --> ...                              [tcl] # DVE restart session
06:35:57    133 --> ...                                  [tcl] # Saved on Mon Oct 5 06:35:55 2015
06:35:57    134 --> ...                                      [tcl] # Designs open: 1
06:35:57    135 --> ...                                          [tcl] #   Sim: /afs/ece.cmu.edu/usr/rohitban/Private/545/lab3/simv
06:35:57    136 --> ...                                              [tcl] # Toplevel windows open: 2
06:35:57    137 --> ...                                                  [tcl] # 	TopLevel.1
06:35:57    138 --> ...                                                      [tcl] # 	TopLevel.2
06:35:57    139 --> ...                                                          [tcl] #   Source.1: pwm_test.pwm1
06:35:57    140 --> ...                                                              [tcl] #   Wave.1: 5 signals
06:35:57    141 --> ...                                                                  [tcl] #   Group count = 1
06:35:57    142 --> ...                                                                      [tcl] #   Group Group1 signal count = 5
06:35:57    143 --> ...                                                                          [tcl] # End_DVE_Session_Save_Info
06:35:57    144 --> ...                                                                              [tcl] # DVE version: J-2014.12-SP3-1_Full64
06:35:57    145 --> ...                                                                                  [tcl] # DVE build date: Aug 27 2015 23:51:53
06:35:57    146 --> ...                                                                                      [tcl] #<Session mode="Restart" path=".restartSimSession.tcl" type="Debug">
06:35:57    147 --> ...                                                                                          [tcl] gui_set_loading_session_type Restart
06:35:57    148 --> ...                                                                                              [tcl] gui_continuetime_set
06:35:57    149 --> ...                                                                                                  [tcl] gui_clear_window -type Wave
06:35:57    150 --> ...  [tcl] gui_clear_window -type List
06:35:57    151 --> ...      [tcl] # Application preferences
06:35:57    152 --> ...          [tcl] gui_set_pref_value -key app_default_font -value {Helvetica,10,-1,5,50,0,0,0,0,0}
06:35:57    153 --> ...              [tcl] gui_src_preferences -tabstop 8 -maxbits 24 -windownumber 1
06:35:57    154 --> ...                  [tcl] #<WindowLayout>
06:35:57    155 --> ...                      [tcl] # DVE top-level session
06:35:57    156 --> ...                          [tcl] # Create and position top-level window: TopLevel.1
06:35:57    157 --> ...                              [tcl] set TopLevel.1 TopLevel.1
06:35:57    158 --> ...                                  [tcl] # Docked window settings
06:35:57    159 --> ...                                      [tcl] set HSPane.1 HSPane.1
06:35:57    160 --> ...                                          [tcl] set Hier.1 Hier.1
06:35:57    161 --> ...                                              [tcl] set DLPane.1 DLPane.1
06:35:57    162 --> ...                                                  [tcl] set Data.1 Data.1
06:35:57    163 --> ...                                                      [tcl] set Console.1 Console.1
06:35:57    164 --> ...                                                          [tcl] gui_sync_global -id ${TopLevel.1} -option true
06:35:57    165 --> ...                                                              [tcl] # MDI window settings
06:35:57    166 --> ...                                                                  [tcl] set Source.1 Source.1
06:35:57    167 --> ...                                                                      [tcl] gui_update_layout -id ${Source.1} {{show_state maximized} {dock_state undocked} {dock_on_new_line false}}
06:35:57    168 --> ...                                                                          [tcl] # End MDI window settings
06:35:57    169 --> ...                                                                              [tcl] # Create and position top-level window: TopLevel.2
06:35:57    170 --> ...                                                                                  [tcl] set TopLevel.2 TopLevel.2
06:35:57    171 --> ...                                                                                      [tcl] # Docked window settings
06:35:57    172 --> ...                                                                                          [tcl] gui_sync_global -id ${TopLevel.2} -option true
06:35:57    173 --> ...                                                                                              [tcl] # MDI window settings
06:35:57    174 --> ...                                                                                                  [tcl] set Wave.1 Wave.1
06:35:57    175 --> ...  [tcl] gui_update_layout -id ${Wave.1} {{show_state maximized} {dock_state undocked} {dock_on_new_line false} {child_wave_left 395} {child_wave_right 965} {child_wave_colname 195} {child_wave_colvalue 195} {child_wave_col1 0} {child_wave_col2 1}}
06:35:58    176 --> ...      [tcl] # End MDI window settings
06:35:58    177 --> ...          [tcl] #</WindowLayout>
06:35:58    178 --> ...              [tcl] #<Database>
06:35:58    179 --> ...                  [tcl] gui_set_precision 1s
06:35:58    180 --> ...                      [tcl] gui_set_time_units 1s
06:35:58    181 --> ...                          [tcl] #</Database>
06:35:58    182 --> ...                              [tcl] # DVE Global setting session:
06:35:58    183 --> ...                                  [tcl] # Global: Breakpoints
06:35:58    184 --> ...                                      [tcl] # Global: Bus
06:35:58    185 --> ...                                          [tcl] # Global: Expressions
06:35:58    186 --> ...                                              [tcl] # Global: Signal Time Shift
06:35:58    187 --> ...                                                  [tcl] # Global: Signal Compare
06:35:58    188 --> ...                                                      [tcl] # Global: Signal Groups
06:35:58    189 --> ...                                                          [tcl] gui_load_child_values {pwm_test.pwm1}
06:35:58    190 --> ...                                                              [tcl] synopsys::dump -add {pwm_test.pwm1} -scope "." -depth 1 -fid VPD1
06:35:58    191 --> ...                                                                  [tcl] set _session_group_1 Group1
06:35:58    192 --> ...                                                                      [tcl] gui_sg_create "$_session_group_1"
06:35:58    193 --> ...                                                                          [tcl] set Group1 "$_session_group_1"
06:35:58    194 --> ...                                                                              [tcl] gui_sg_addsignal -group "$_session_group_1" { pwm_test.pwm1.pwm_sig pwm_test.pwm1.pwm_cnt pwm_test.pwm1.ACTIVE_CLKS pwm_test.pwm1.clk pwm_test.pwm1.rst }
06:35:58    195 --> ...                                                                                  [tcl] gui_set_radix -radix {decimal} -signals {Sim:pwm_test.pwm1.ACTIVE_CLKS}
06:35:58    196 --> ...                                                                                      [tcl] gui_set_radix -radix {unsigned} -signals {Sim:pwm_test.pwm1.ACTIVE_CLKS}
06:35:58    197 --> ...                                                                                          [tcl] # Global: Highlighting
06:35:58    198 --> ...                                                                                              [tcl] # Global: Stack
06:35:58    199 --> ...                                                                                                  [tcl] gui_change_stack_mode -mode list
06:35:58    200 --> ...  [tcl] synopsys::xml {set_only_active_frame <data value="1" />}
06:35:58    201 --> ...      [tcl] # Post database loading setting...
06:35:58    202 --> ...          [tcl] # Save global setting...
06:35:58    203 --> ...              [tcl] # Wave/List view global setting
06:35:58    204 --> ...                  [tcl] gui_cov_show_value -switch false
06:35:58    205 --> ...                      [tcl] # Close all empty TopLevel windows
06:35:58    206 --> ...                          [tcl] foreach __top [gui_ekki_get_window_ids -type TopLevel] {     if { [llength [gui_ekki_get_window_ids -parent $__top]] == 0} {         gui_close_window -window $__top     } }
06:35:58    207 --> ...                              [tcl] gui_set_loading_session_type noSession
06:35:58    208 --> ...                                  [tcl] # DVE View/pane content session:
06:35:58    209 --> ...                                      [tcl] # Hier 'Hier.1'
06:35:58    210 --> ...                                          [tcl] gui_show_window -window ${Hier.1}
06:35:58    211 --> ...                                              [tcl] gui_list_set_filter -id ${Hier.1} -list { {Package 1} {All 0} {Process 1} {VirtPowSwitch 0} {UnnamedProcess 1} {UDP 0} {Function 1} {Block 1} {SrsnAndSpaCell 0} {OVA Unit 1} {LeafScCell 1} {LeafVlgCell 1} {Interface 1} {LeafVhdCell 1} {$unit 1} {NamedBlock 1} {Task 1} {VlgPackage 1} {ClassDef 1} {VirtIsoCell 0} }
06:35:58    212 --> ...                                                  [tcl] gui_list_set_filter -id ${Hier.1} -text {*}
06:35:58    213 --> ...                                                      [tcl] gui_change_design -id ${Hier.1} -design Sim
06:35:58    214 --> ...                                                          [tcl] catch {gui_list_expand -id ${Hier.1} pwm_test}
06:35:58    215 --> ...                                                              [tcl] catch {gui_list_select -id ${Hier.1} {pwm_test.pwm1}}
06:35:58    216 --> ...                                                                  [tcl] dveMisc::vbusExpand pwm_test.pwm1
06:35:58    217 --> ...                                                                      [tcl] gui_view_scroll -id ${Hier.1} -vertical -set 76
06:35:58    218 --> ...                                                                          [tcl] gui_view_scroll -id ${Hier.1} -horizontal -set 0
06:35:58    219 --> ...                                                                              [tcl] # Data 'Data.1'
06:35:58    220 --> ...                                                                                  [tcl] gui_list_set_filter -id ${Data.1} -list { {Buffer 1} {Input 1} {Others 1} {Linkage 1} {Output 1} {LowPower 1} {Parameter 1} {All 1} {Aggregate 1} {LibBaseMember 1} {Event 1} {Assertion 1} {Constant 1} {Interface 1} {BaseMembers 1} {Signal 1} {$unit 1} {Inout 1} {Variable 1} }
06:35:58    221 --> ...                                                                                      [tcl] gui_list_set_filter -id ${Data.1} -text {*}
06:35:58    222 --> ...                                                                                          [tcl] gui_list_show_data -id ${Data.1} {pwm_test.pwm1}
06:35:58    223 --> ...                                                                                              [tcl] gui_show_window -window ${Data.1}
06:35:58    224 --> ...                                                                                                  [tcl] catch { gui_list_select -id ${Data.1} {pwm_test.pwm1.rst }}
06:35:58    225 --> ...  [tcl] gui_view_scroll -id ${Data.1} -vertical -set 0
06:35:58    226 --> ...      [tcl] gui_view_scroll -id ${Data.1} -horizontal -set 0
06:35:58    227 --> ...          [tcl] gui_view_scroll -id ${Hier.1} -vertical -set 76
06:35:58    228 --> ...              [tcl] gui_view_scroll -id ${Hier.1} -horizontal -set 0
06:35:58    229 --> ...                  [tcl] # Source 'Source.1'
06:35:58    230 --> ...                      [tcl] gui_src_value_annotate -id ${Source.1} -switch false
06:35:58    231 --> ...                          [tcl] gui_set_env TOGGLE::VALUEANNOTATE 0
06:35:58    232 --> ...                              [tcl] gui_open_source -id ${Source.1}  -replace -active pwm_test.pwm1 /afs/ece.cmu.edu/usr/rohitban/Private/545/lab3/pwm.sv
06:35:58    233 --> ...                                  [tcl] gui_view_scroll -id ${Source.1} -vertical -set 0
06:35:58    234 --> ...                                      [tcl] gui_src_set_reusable -id ${Source.1}
06:35:58    235 --> ...                                          [tcl] # View 'Wave.1'
06:35:58    236 --> ...                                              [tcl] gui_wv_sync -id ${Wave.1} -switch false
06:35:58    237 --> ...                                                  [tcl] set groupExD [gui_get_pref_value -category Wave -key exclusiveSG]
06:35:58    238 --> ...                                                      [tcl] gui_set_pref_value -category Wave -key exclusiveSG -value {false}
06:35:58    239 --> ...                                                          [tcl] set origWaveHeight [gui_get_pref_value -category Wave -key waveRowHeight]
06:35:58    240 --> ...                                                              [tcl] gui_list_set_height -id Wave -height 25
06:35:58    241 --> ...                                                                  [tcl] set origGroupCreationState [gui_list_create_group_when_add -wave]
06:35:58    242 --> ...                                                                      [tcl] gui_list_create_group_when_add -wave -disable
06:35:58    243 --> ...                                                                          [tcl] gui_wv_zoom_timerange -id ${Wave.1} 22083411 22083729
06:35:58    244 --> ...                                                                              [tcl] gui_list_add_group -id ${Wave.1} -after {New Group} {Group1}
06:35:58    245 --> ...                                                                                  [tcl] gui_list_select -id ${Wave.1} {pwm_test.pwm1.pwm_cnt }
06:35:58    246 --> ...                                                                                      [tcl] gui_seek_criteria -id ${Wave.1} {Any Edge}
06:35:58    247 --> ...                                                                                          [tcl] gui_set_env TOGGLE::DEFAULT_WAVE_WINDOW ${Wave.1}
06:35:58    248 --> ...                                                                                              [tcl] gui_set_pref_value -category Wave -key exclusiveSG -value $groupExD
06:35:58    249 --> ...                                                                                                  [tcl] gui_list_set_height -id Wave -height $origWaveHeight
06:35:58    250 --> ...  [tcl] if {$origGroupCreationState} { 	gui_list_create_group_when_add -wave -enable }
06:35:58    251 --> ...      [tcl] if { $groupExD } {  gui_msg_report -code DVWW028 }
06:35:58    252 --> ...          [tcl] gui_list_set_filter -id ${Wave.1} -list { {Buffer 1} {Input 1} {Others 1} {Linkage 1} {Output 1} {Parameter 1} {All 1} {Aggregate 1} {LibBaseMember 1} {Event 1} {Assertion 1} {Constant 1} {Interface 1} {BaseMembers 1} {Signal 1} {$unit 1} {Inout 1} {Variable 1} }
06:35:58    253 --> ...              [tcl] gui_list_set_filter -id ${Wave.1} -text {*}
06:35:58    254 --> ...                  [tcl] gui_list_set_insertion_bar  -id ${Wave.1} -group Group1  -item {pwm_test.pwm1.ACTIVE_CLKS[13:0]} -position below
06:35:58    255 --> ...                      [tcl] gui_view_scroll -id ${Wave.1} -vertical -set 0
06:35:58    256 --> ...                          [tcl] gui_show_grid -id ${Wave.1} -enable false
06:35:58    257 --> ...                              [tcl] # Restore toplevel window zorder
06:35:58    258 --> ...                                  [tcl] # The toplevel window could be closed if it has no view/pane
06:35:58    259 --> ...                                      [tcl] if {[gui_exist_window -window ${TopLevel.1}]} { 	gui_set_active_window -window ${TopLevel.1} 	gui_set_active_window -window ${Source.1} 	gui_set_active_window -window ${DLPane.1} }
06:35:58    260 --> ...                                          [tcl] if {[gui_exist_window -window ${TopLevel.2}]} { 	gui_set_active_window -window ${TopLevel.2} 	gui_set_active_window -window ${Wave.1} }
06:35:58    261 --> ...                                              [tcl] #</Session>
06:36:03    262 --> ...                                                  [tcl] synopsys::run
06:36:03    263 --> ...                                                      [tcl] set ucliGUI::state
06:36:03    264 --> ...                                                          [tcl] set ucliGUI::state
06:36:04    265 --> ...                                                              [tcl] gui_update_simulator_buttons
06:36:06    266 --> ...                                                                  [tcl] set synopsys::env(time) 42200115
06:36:08    267 --> ...                                                                      [tcl] ucliCore::getToolPID
06:36:08    268 --> ...                                                                          [tcl] ucliCore::stopTool -no_signal
06:36:08    269 --> ...                                                                              [tcl] set ucliGUI::state
06:36:08    270 --> ...                                                                                  [tcl] set ucliGUI::state
06:36:08    271 --> ...                                                                                      [tcl] catch {senv activeDomain} dveMisc::result 
06:36:08    272 --> ...                                                                                          [tcl] set dveMisc::result
06:36:08    273 --> ...                                                                                              [tcl] gui_update_simulator_buttons
06:43:29    274 --> ...                                                                                                  [tcl] if [catch {gui_sim_terminate}] {gui_sim_terminate -kill}
06:43:29    275 --> ...  [tcl] synopsys::finish
06:43:29    276 --> ...      [tcl] set ucliGUI::state
06:43:29    277 --> ...          [tcl] set ucliGUI::state
06:43:29    278 --> ...              [tcl] catch {senv activeDomain} dveMisc::result 
06:43:29    279 --> ...                  [tcl] set dveMisc::result
06:43:29    280 --> ...                      [tcl] gui_update_simulator_buttons
06:43:29    281 --> ...                          [tcl] catch {senv activeDomain} dveMisc::result 
06:43:29    282 --> ...                              [tcl] set dveMisc::result
06:43:29    283 --> ...                                  [tcl] ucli_exit
