#-----------------------------------------------------------
# Vivado v2015.2 (64-bit)
# SW Build 1266856 on Fri Jun 26 16:35:25 MDT 2015
# IP Build 1264090 on Wed Jun 24 14:22:01 MDT 2015
# Start of session at: Mon Sep 21 11:41:04 2015
# Process ID: 30751
# Log file: /afs/ece.cmu.edu/usr/xli2/Private/18545/18545-project/tv80/trunk/rtl/vivado.log
# Journal file: /afs/ece.cmu.edu/usr/xli2/Private/18545/18545-project/tv80/trunk/rtl/vivado.jou
#-----------------------------------------------------------
start_gui
create_project project_1 /afs/ece.cmu.edu/usr/xli2/Private/18545/18545-project/tv80/trunk/rtl/project_1 -part xc7a100tcsg324-3
INFO: [IP_Flow 19-234] Refreshing IP repositories
INFO: [IP_Flow 19-1704] No user IP repositories specified
INFO: [IP_Flow 19-2313] Loaded Vivado IP repository '/afs/ece/support/xilinx/xilinx.release/Vivado/data/ip'.
add_files {/afs/ece.cmu.edu/usr/xli2/Private/18545/18545-project/tv80/trunk/rtl/uart /afs/ece.cmu.edu/usr/xli2/Private/18545/18545-project/tv80/trunk/rtl/project_1 /afs/ece.cmu.edu/usr/xli2/Private/18545/18545-project/tv80/trunk/rtl/core /afs/ece.cmu.edu/usr/xli2/Private/18545/18545-project/tv80/trunk/rtl/wb_tv80 /afs/ece.cmu.edu/usr/xli2/Private/18545/18545-project/tv80/trunk/rtl/simple_gmii /afs/ece.cmu.edu/usr/xli2/Private/18545/18545-project/tv80/trunk/rtl/app_localcfg}
add_files -fileset constrs_1 -norecurse /afs/ece.cmu.edu/usr/xli2/Private/18545/Nexys4_Master.xdc
update_compile_order -fileset sources_1
update_compile_order -fileset sources_1
update_compile_order -fileset sim_1
update_compile_order -fileset sources_1
launch_runs impl_1
[Mon Sep 21 11:44:27 2015] Launched synth_1...
Run output will be captured here: /afs/ece.cmu.edu/usr/xli2/Private/18545/18545-project/tv80/trunk/rtl/project_1/project_1.runs/synth_1/runme.log
[Mon Sep 21 11:44:27 2015] Launched impl_1...
Run output will be captured here: /afs/ece.cmu.edu/usr/xli2/Private/18545/18545-project/tv80/trunk/rtl/project_1/project_1.runs/impl_1/runme.log
launch_runs impl_1 -to_step write_bitstream
[Mon Sep 21 11:45:51 2015] Launched impl_1...
Run output will be captured here: /afs/ece.cmu.edu/usr/xli2/Private/18545/18545-project/tv80/trunk/rtl/project_1/project_1.runs/impl_1/runme.log
exit
INFO: [Common 17-206] Exiting Vivado at Mon Sep 21 12:12:45 2015...
