11:40:50    338 --> ...                                                      [tcl] ucliGUI::start /afs/ece.cmu.edu/usr/rohitban/Private/545/video/vga_interface/simv -ucligui 
11:40:50    339 --> ...                                                          [tcl] set ucliGUI::state
11:40:50    340 --> ...                                                              [tcl] gui_update_simulator_buttons
11:40:51    341 --> ...                                                                  [tcl] set ucliGUI::state
11:40:51    342 --> ...                                                                      [tcl] ucliCore::getToolPID
11:40:51    343 --> ...                                                                          [tcl] synopsys::env hasTB
11:40:51    344 --> ...                                                                              [tcl] trigger_hier_stack_context_switch 0
11:40:51    345 --> ...                                                                                  [tcl] synUtils::setDVEInitPhase 1
11:40:51    346 --> ...                                                                                      [tcl] gui_get_env SIMSETUP::SIMVPD
11:40:51    347 --> ...                                                                                          [tcl] synopsys::dump -type VPD -file /afs/ece.cmu.edu/usr/rohitban/Private/545/video/vga_interface/inter.vpd -locking
11:40:51    348 --> ...                                                                                              [tcl] synopsys::dump -autoflush on -fid VPD2
11:40:51    349 --> ...                                                                                                  [tcl] set ::dve_fid VPD2
11:40:51    350 --> ...  [tcl] synUtils::setDVEInitPhase 0
11:40:51    351 --> ...      [tcl] ucliCore::getToolPID
11:40:51    352 --> ...          [tcl] synUtils::sendTool -active _icl_setToolSocket /tmp/smlnppnP1XM
11:40:51    353 --> ...              [tcl] synUtils::sendTool -active {_icl_start_rpc -version "J-2014.12-SP3-1_Full64" -sync_file /tmp/vcs_dve_rpc.rohitban.25492}
11:40:51    354 --> ...                  [tcl] synUtils::sendTool -active {_icl_createSharedMemory /tmp/vcs_dve_general.rohitban.25492}
11:40:51    355 --> ...                      [tcl] config endofsim noexit
11:40:51    356 --> ...                          [tcl] config onfail enable all
11:40:51    357 --> ...                              [tcl] config syscaddplainmembers
11:40:51    358 --> ...                                  [tcl] config syscaddsourcenames
11:40:51    359 --> ...                                      [tcl] config syscaddstructtypes
11:40:51    360 --> ...                                          [tcl] synopsys::listing -disable
11:40:51    361 --> ...                                              [tcl] # Begin_DVE_Session_Save_Info
11:40:51    362 --> ...                                                  [tcl] # DVE restart session
11:40:51    363 --> ...                                                      [tcl] # Saved on Wed Sep 30 11:40:50 2015
11:40:51    364 --> ...                                                          [tcl] # Designs open: 1
11:40:51    365 --> ...                                                              [tcl] #   Sim: /afs/ece.cmu.edu/usr/rohitban/Private/545/video/vga_interface/simv
11:40:51    366 --> ...                                                                  [tcl] # Toplevel windows open: 2
11:40:51    367 --> ...                                                                      [tcl] # 	TopLevel.1
11:40:51    368 --> ...                                                                          [tcl] # 	TopLevel.2
11:40:51    369 --> ...                                                                              [tcl] #   Source.1: vga_test
11:40:51    370 --> ...                                                                                  [tcl] #   Wave.1: 11 signals
11:40:51    371 --> ...                                                                                      [tcl] #   Group count = 1
11:40:51    372 --> ...                                                                                          [tcl] #   Group Group1 signal count = 11
11:40:51    373 --> ...                                                                                              [tcl] # End_DVE_Session_Save_Info
11:40:51    374 --> ...                                                                                                  [tcl] # DVE version: J-2014.12-SP3-1_Full64
11:40:51    375 --> ...  [tcl] # DVE build date: Aug 27 2015 23:51:53
11:40:51    376 --> ...      [tcl] #<Session mode="Restart" path=".restartSimSession.tcl" type="Debug">
11:40:51    377 --> ...          [tcl] gui_set_loading_session_type Restart
11:40:51    378 --> ...              [tcl] gui_continuetime_set
11:40:51    379 --> ...                  [tcl] gui_clear_window -type Wave
11:40:51    380 --> ...                      [tcl] gui_clear_window -type List
11:40:51    381 --> ...                          [tcl] # Application preferences
11:40:51    382 --> ...                              [tcl] gui_set_pref_value -key app_default_font -value {Helvetica,10,-1,5,50,0,0,0,0,0}
11:40:51    383 --> ...                                  [tcl] gui_src_preferences -tabstop 8 -maxbits 24 -windownumber 1
11:40:51    384 --> ...                                      [tcl] #<WindowLayout>
11:40:51    385 --> ...                                          [tcl] # DVE top-level session
11:40:51    386 --> ...                                              [tcl] # Create and position top-level window: TopLevel.1
11:40:51    387 --> ...                                                  [tcl] set TopLevel.1 TopLevel.1
11:40:51    388 --> ...                                                      [tcl] # Docked window settings
11:40:51    389 --> ...                                                          [tcl] set HSPane.1 HSPane.1
11:40:51    390 --> ...                                                              [tcl] set Hier.1 Hier.1
11:40:51    391 --> ...                                                                  [tcl] set DLPane.1 DLPane.1
11:40:51    392 --> ...                                                                      [tcl] set Data.1 Data.1
11:40:51    393 --> ...                                                                          [tcl] set Console.1 Console.1
11:40:51    394 --> ...                                                                              [tcl] gui_sync_global -id ${TopLevel.1} -option true
11:40:51    395 --> ...                                                                                  [tcl] # MDI window settings
11:40:51    396 --> ...                                                                                      [tcl] set Source.1 Source.1
11:40:51    397 --> ...                                                                                          [tcl] gui_update_layout -id ${Source.1} {{show_state maximized} {dock_state undocked} {dock_on_new_line false}}
11:40:51    398 --> ...                                                                                              [tcl] # End MDI window settings
11:40:51    399 --> ...                                                                                                  [tcl] # Create and position top-level window: TopLevel.2
11:40:51    400 --> ...  [tcl] set TopLevel.2 TopLevel.2
11:40:51    401 --> ...      [tcl] # Docked window settings
11:40:51    402 --> ...          [tcl] gui_sync_global -id ${TopLevel.2} -option true
11:40:51    403 --> ...              [tcl] # MDI window settings
11:40:51    404 --> ...                  [tcl] set Wave.1 Wave.1
11:40:51    405 --> ...                      [tcl] gui_update_layout -id ${Wave.1} {{show_state maximized} {dock_state undocked} {dock_on_new_line false} {child_wave_left 464} {child_wave_right 1130} {child_wave_colname 230} {child_wave_colvalue 230} {child_wave_col1 0} {child_wave_col2 1}}
11:40:51    406 --> ...                          [tcl] # End MDI window settings
11:40:51    407 --> ...                              [tcl] #</WindowLayout>
11:40:51    408 --> ...                                  [tcl] #<Database>
11:40:51    409 --> ...                                      [tcl] gui_set_precision 1s
11:40:52    410 --> ...                                          [tcl] gui_set_time_units 1s
11:40:52    411 --> ...                                              [tcl] #</Database>
11:40:52    412 --> ...                                                  [tcl] # DVE Global setting session:
11:40:52    413 --> ...                                                      [tcl] # Global: Breakpoints
11:40:52    414 --> ...                                                          [tcl] # Global: Bus
11:40:52    415 --> ...                                                              [tcl] # Global: Expressions
11:40:52    416 --> ...                                                                  [tcl] # Global: Signal Time Shift
11:40:52    417 --> ...                                                                      [tcl] # Global: Signal Compare
11:40:52    418 --> ...                                                                          [tcl] # Global: Signal Groups
11:40:52    419 --> ...                                                                              [tcl] gui_load_child_values {vga_test}
11:40:52    420 --> ...                                                                                  [tcl] synopsys::dump -add {vga_test} -scope "." -depth 1 -fid VPD2
11:40:52    421 --> ...                                                                                      [tcl] set _session_group_2 Group1
11:40:52    422 --> ...                                                                                          [tcl] gui_sg_create "$_session_group_2"
11:40:52    423 --> ...                                                                                              [tcl] set Group1 "$_session_group_2"
11:40:52    424 --> ...                                                                                                  [tcl] gui_sg_addsignal -group "$_session_group_2" { vga_test.CLOCK_50 vga_test.reset vga_test.HS vga_test.VS vga_test.blank vga_test.col vga_test.row vga_test.hs_count vga_test.vs_count vga_test.v1.col_inc vga_test.v1.hs_disp }
11:40:52    425 --> ...  [tcl] # Global: Highlighting
11:40:52    426 --> ...      [tcl] # Global: Stack
11:40:52    427 --> ...          [tcl] gui_change_stack_mode -mode list
11:40:52    428 --> ...              [tcl] # Post database loading setting...
11:40:52    429 --> ...                  [tcl] # Save global setting...
11:40:52    430 --> ...                      [tcl] # Wave/List view global setting
11:40:52    431 --> ...                          [tcl] gui_cov_show_value -switch false
11:40:52    432 --> ...                              [tcl] # Close all empty TopLevel windows
11:40:52    433 --> ...                                  [tcl] foreach __top [gui_ekki_get_window_ids -type TopLevel] {     if { [llength [gui_ekki_get_window_ids -parent $__top]] == 0} {         gui_close_window -window $__top     } }
11:40:52    434 --> ...                                      [tcl] gui_set_loading_session_type noSession
11:40:52    435 --> ...                                          [tcl] # DVE View/pane content session:
11:40:52    436 --> ...                                              [tcl] # Hier 'Hier.1'
11:40:52    437 --> ...                                                  [tcl] gui_show_window -window ${Hier.1}
11:40:52    438 --> ...                                                      [tcl] gui_list_set_filter -id ${Hier.1} -list { {Package 1} {All 0} {Process 1} {VirtPowSwitch 0} {UnnamedProcess 1} {UDP 0} {Function 1} {Block 1} {SrsnAndSpaCell 0} {OVA Unit 1} {LeafScCell 1} {LeafVlgCell 1} {Interface 1} {LeafVhdCell 1} {$unit 1} {NamedBlock 1} {Task 1} {VlgPackage 1} {ClassDef 1} {VirtIsoCell 0} }
11:40:52    439 --> ...                                                          [tcl] gui_list_set_filter -id ${Hier.1} -text {*}
11:40:52    440 --> ...                                                              [tcl] gui_change_design -id ${Hier.1} -design Sim
11:40:52    441 --> ...                                                                  [tcl] catch {gui_list_expand -id ${Hier.1} vga_test}
11:40:52    442 --> ...                                                                      [tcl] catch {gui_list_select -id ${Hier.1} {vga_test.v1}}
11:40:52    443 --> ...                                                                          [tcl] dveMisc::vbusExpand vga_test.v1
11:40:52    444 --> ...                                                                              [tcl] gui_view_scroll -id ${Hier.1} -vertical -set 0
11:40:52    445 --> ...                                                                                  [tcl] gui_view_scroll -id ${Hier.1} -horizontal -set 0
11:40:52    446 --> ...                                                                                      [tcl] # Data 'Data.1'
11:40:52    447 --> ...                                                                                          [tcl] gui_list_set_filter -id ${Data.1} -list { {Buffer 1} {Input 1} {Others 1} {Linkage 1} {Output 1} {LowPower 1} {Parameter 1} {All 1} {Aggregate 1} {LibBaseMember 1} {Event 1} {Assertion 1} {Constant 1} {Interface 1} {BaseMembers 1} {Signal 1} {$unit 1} {Inout 1} {Variable 1} }
11:40:52    448 --> ...                                                                                              [tcl] gui_list_set_filter -id ${Data.1} -text {*}
11:40:52    449 --> ...                                                                                                  [tcl] gui_list_show_data -id ${Data.1} {vga_test.v1}
11:40:52    450 --> ...  [tcl] gui_show_window -window ${Data.1}
11:40:52    451 --> ...      [tcl] catch { gui_list_select -id ${Data.1} {vga_test.v1.hs_disp }}
11:40:52    452 --> ...          [tcl] gui_view_scroll -id ${Data.1} -vertical -set 0
11:40:52    453 --> ...              [tcl] gui_view_scroll -id ${Data.1} -horizontal -set 0
11:40:52    454 --> ...                  [tcl] gui_view_scroll -id ${Hier.1} -vertical -set 0
11:40:52    455 --> ...                      [tcl] gui_view_scroll -id ${Hier.1} -horizontal -set 0
11:40:52    456 --> ...                          [tcl] # Source 'Source.1'
11:40:52    457 --> ...                              [tcl] gui_src_value_annotate -id ${Source.1} -switch false
11:40:52    458 --> ...                                  [tcl] gui_set_env TOGGLE::VALUEANNOTATE 0
11:40:52    459 --> ...                                      [tcl] gui_open_source -id ${Source.1}  -replace -active vga_test /afs/ece.cmu.edu/usr/rohitban/Private/545/video/vga_interface/vgatest.sv
11:40:52    460 --> ...                                          [tcl] gui_view_scroll -id ${Source.1} -vertical -set 15
11:40:52    461 --> ...                                              [tcl] gui_src_set_reusable -id ${Source.1}
11:40:52    462 --> ...                                                  [tcl] # View 'Wave.1'
11:40:52    463 --> ...                                                      [tcl] gui_wv_sync -id ${Wave.1} -switch false
11:40:52    464 --> ...                                                          [tcl] set groupExD [gui_get_pref_value -category Wave -key exclusiveSG]
11:40:52    465 --> ...                                                              [tcl] gui_set_pref_value -category Wave -key exclusiveSG -value {false}
11:40:52    466 --> ...                                                                  [tcl] set origWaveHeight [gui_get_pref_value -category Wave -key waveRowHeight]
11:40:52    467 --> ...                                                                      [tcl] gui_list_set_height -id Wave -height 25
11:40:52    468 --> ...                                                                          [tcl] set origGroupCreationState [gui_list_create_group_when_add -wave]
11:40:52    469 --> ...                                                                              [tcl] gui_list_create_group_when_add -wave -disable
11:40:52    470 --> ...                                                                                  [tcl] gui_wv_zoom_timerange -id ${Wave.1} 184717 184745
11:40:52    471 --> ...                                                                                      [tcl] gui_list_add_group -id ${Wave.1} -after {New Group} {Group1}
11:40:52    472 --> ...                                                                                          [tcl] synopsys::dump -add {vga_test.v1.col_inc vga_test.v1.hs_disp } -aggregates  -fid VPD2
11:40:52    473 --> ...                                                                                              [tcl] gui_list_select -id ${Wave.1} {vga_test.hs_count }
11:40:52    474 --> ...                                                                                                  [tcl] gui_seek_criteria -id ${Wave.1} {Any Edge}
11:40:52    475 --> ...  [tcl] gui_set_env TOGGLE::DEFAULT_WAVE_WINDOW ${Wave.1}
11:40:52    476 --> ...      [tcl] gui_set_pref_value -category Wave -key exclusiveSG -value $groupExD
11:40:52    477 --> ...          [tcl] gui_list_set_height -id Wave -height $origWaveHeight
11:40:52    478 --> ...              [tcl] if {$origGroupCreationState} { 	gui_list_create_group_when_add -wave -enable }
11:40:52    479 --> ...                  [tcl] if { $groupExD } {  gui_msg_report -code DVWW028 }
11:40:52    480 --> ...                      [tcl] gui_list_set_filter -id ${Wave.1} -list { {Buffer 1} {Input 1} {Others 1} {Linkage 1} {Output 1} {Parameter 1} {All 1} {Aggregate 1} {LibBaseMember 1} {Event 1} {Assertion 1} {Constant 1} {Interface 1} {BaseMembers 1} {Signal 1} {$unit 1} {Inout 1} {Variable 1} }
11:40:52    481 --> ...                          [tcl] gui_list_set_filter -id ${Wave.1} -text {*}
11:40:52    482 --> ...                              [tcl] gui_list_set_insertion_bar  -id ${Wave.1} -group Group1  -position in
11:40:52    483 --> ...                                  [tcl] gui_view_scroll -id ${Wave.1} -vertical -set 0
11:40:52    484 --> ...                                      [tcl] gui_show_grid -id ${Wave.1} -enable false
11:40:52    485 --> ...                                          [tcl] # Restore toplevel window zorder
11:40:52    486 --> ...                                              [tcl] # The toplevel window could be closed if it has no view/pane
11:40:52    487 --> ...                                                  [tcl] if {[gui_exist_window -window ${TopLevel.1}]} { 	gui_set_active_window -window ${TopLevel.1} 	gui_set_active_window -window ${Source.1} 	gui_set_active_window -window ${DLPane.1} }
11:40:52    488 --> ...                                                      [tcl] if {[gui_exist_window -window ${TopLevel.2}]} { 	gui_set_active_window -window ${TopLevel.2} 	gui_set_active_window -window ${Wave.1} }
11:40:52    489 --> ...                                                          [tcl] #</Session>
11:40:53    490 --> ...                                                              [tcl] synopsys::run
11:40:53    491 --> ...                                                                  [tcl] set ucliGUI::state
11:40:53    492 --> ...                                                                      [tcl] set ucliGUI::state
11:40:53    493 --> ...                                                                          [tcl] gui_update_simulator_buttons
11:40:55    494 --> ...                                                                              [tcl] ucliCore::getToolPID
11:40:55    495 --> ...                                                                                  [tcl] ucliCore::stopTool -no_signal
11:40:55    496 --> ...                                                                                      [tcl] set ucliGUI::state
11:40:55    497 --> ...                                                                                          [tcl] set ucliGUI::state
11:40:55    498 --> ...                                                                                              [tcl] catch {senv activeDomain} dveMisc::result 
11:40:55    499 --> ...                                                                                                  [tcl] set dveMisc::result
11:40:55    500 --> ...  [tcl] gui_update_simulator_buttons
14:55:36    501 --> ...      [tcl] if [catch {gui_sim_terminate}] {gui_sim_terminate -kill}
14:55:36    502 --> ...          [tcl] synopsys::finish
14:55:36    503 --> ...              [tcl] set ucliGUI::state
14:55:36    504 --> ...                  [tcl] set ucliGUI::state
14:55:36    505 --> ...                      [tcl] catch {senv activeDomain} dveMisc::result 
14:55:36    506 --> ...                          [tcl] set dveMisc::result
14:55:36    507 --> ...                              [tcl] gui_update_simulator_buttons
14:55:36    508 --> ...                                  [tcl] catch {senv activeDomain} dveMisc::result 
14:55:36    509 --> ...                                      [tcl] set dveMisc::result
14:55:37    510 --> ...                                          [tcl] ucli_exit
